<?xml version="1.0" encoding="UTF-8"?>
<!-- Generated by org.testng.reporters.JUnitReportReporter -->
<testsuite hostname="LAPTOP-QNDHI2U3" failures="0" tests="1" name="selenium_webdriver.HardAssert" time="0.021" errors="0" timestamp="2024-05-03T21:40:46 IST" skipped="0">
  <testcase classname="selenium_webdriver.HardAssert" name="testCase1" time="0.021"/>
  <system-out/>
</testsuite> <!-- selenium_webdriver.HardAssert -->
