<?xml version="1.0" encoding="UTF-8"?>
<!-- Generated by org.testng.reporters.JUnitReportReporter -->
<testsuite skipped="0" hostname="LAPTOP-QNDHI2U3" name="SeleniumDemo.ExpliciteWait" tests="1" failures="0" timestamp="2023-06-19T18:53:49 IST" time="9.200" errors="0">
  <testcase name="testCase1" time="9.200" classname="SeleniumDemo.ExpliciteWait"/>
  <system-out/>
</testsuite> <!-- SeleniumDemo.ExpliciteWait -->
