<?xml version="1.0" encoding="UTF-8"?>
<!-- Generated by org.testng.reporters.JUnitReportReporter -->
<testsuite skipped="0" hostname="LAPTOP-QNDHI2U3" name="TestNG.WorkWithExcel" tests="1" failures="0" timestamp="2023-06-01T00:09:20 IST" time="0.924" errors="0">
  <testcase name="workWithxl" time="0.924" classname="TestNG.WorkWithExcel"/>
  <system-out/>
</testsuite> <!-- TestNG.WorkWithExcel -->
