<?xml version="1.0" encoding="UTF-8"?>
<!-- Generated by org.testng.reporters.JUnitReportReporter -->
<testsuite skipped="0" hostname="LAPTOP-QNDHI2U3" name="TestNG.AllAnnotations" tests="3" failures="0" timestamp="2023-05-31T22:45:17 IST" time="0.026" errors="0">
  <testcase name="testCase1" time="0.012" classname="TestNG.AllAnnotations"/>
  <system-out/>
  <testcase name="testCase2" time="0.009" classname="TestNG.AllAnnotations"/>
  <system-out/>
  <testcase name="testCase3" time="0.005" classname="TestNG.AllAnnotations"/>
  <system-out/>
</testsuite> <!-- TestNG.AllAnnotations -->
