<?xml version="1.0" encoding="UTF-8"?>
<!-- Generated by org.testng.reporters.JUnitReportReporter -->
<testsuite hostname="LAPTOP-QNDHI2U3" failures="0" tests="1" name="SeleniumDemo.AllLinksDemo" time="10.294" errors="0" timestamp="2024-02-06T18:49:09 IST" skipped="0">
  <testcase classname="SeleniumDemo.AllLinksDemo" name="testCase1" time="10.294"/>
  <system-out/>
</testsuite> <!-- SeleniumDemo.AllLinksDemo -->
