<?xml version="1.0" encoding="UTF-8"?>
<!-- Generated by org.testng.reporters.JUnitReportReporter -->
<testsuite skipped="0" hostname="LAPTOP-QNDHI2U3" name="Demo.TC_login" tests="2" failures="0" timestamp="2022-04-30T10:32:48 IST" time="0.016" errors="0">
  <testcase name="bdisplay" time="0.016" classname="Demo.TC_login"/>
  <system-out/>
  <testcase name="adisplay" time="0.000" classname="Demo.TC_login"/>
  <system-out/>
</testsuite> <!-- Demo.TC_login -->
