<?xml version="1.0" encoding="UTF-8"?>
<!-- Generated by org.testng.reporters.JUnitReportReporter -->
<testsuite skipped="0" hostname="LAPTOP-QNDHI2U3" name="TestNG.ParamWithExcel" tests="16" failures="0" timestamp="2023-05-08T15:31:15 IST" time="0.018" errors="0">
  <testcase name="testcase1" time="0.000" classname="TestNG.ParamWithExcel"/>
  <system-out/>
  <testcase name="testcase1" time="0.000" classname="TestNG.ParamWithExcel"/>
  <system-out/>
  <testcase name="testcase1" time="0.000" classname="TestNG.ParamWithExcel"/>
  <system-out/>
  <testcase name="testcase1" time="0.000" classname="TestNG.ParamWithExcel"/>
  <system-out/>
  <testcase name="testcase1" time="0.000" classname="TestNG.ParamWithExcel"/>
  <system-out/>
  <testcase name="testcase1" time="0.000" classname="TestNG.ParamWithExcel"/>
  <system-out/>
  <testcase name="testcase1" time="0.000" classname="TestNG.ParamWithExcel"/>
  <system-out/>
  <testcase name="testcase1" time="0.009" classname="TestNG.ParamWithExcel"/>
  <system-out/>
  <testcase name="testcase1" time="0.004" classname="TestNG.ParamWithExcel"/>
  <system-out/>
  <testcase name="testcase1" time="0.000" classname="TestNG.ParamWithExcel"/>
  <system-out/>
  <testcase name="testcase1" time="0.000" classname="TestNG.ParamWithExcel"/>
  <system-out/>
  <testcase name="testcase1" time="0.002" classname="TestNG.ParamWithExcel"/>
  <system-out/>
  <testcase name="testcase1" time="0.000" classname="TestNG.ParamWithExcel"/>
  <system-out/>
  <testcase name="testcase1" time="0.000" classname="TestNG.ParamWithExcel"/>
  <system-out/>
  <testcase name="testcase1" time="0.003" classname="TestNG.ParamWithExcel"/>
  <system-out/>
  <testcase name="testcase1" time="0.000" classname="TestNG.ParamWithExcel"/>
  <system-out/>
</testsuite> <!-- TestNG.ParamWithExcel -->
