<?xml version="1.0" encoding="UTF-8"?>
<!-- Generated by org.testng.reporters.JUnitReportReporter -->
<testsuite hostname="LAPTOP-QNDHI2U3" failures="0" tests="3" name="selenium_webdriver.AllAnnotations" time="0.016" errors="0" timestamp="2024-01-26T18:35:16 IST" skipped="0">
  <testcase classname="selenium_webdriver.AllAnnotations" name="testCase1" time="0.016"/>
  <system-out/>
  <testcase classname="selenium_webdriver.AllAnnotations" name="testCase2" time="0.000"/>
  <system-out/>
  <testcase classname="selenium_webdriver.AllAnnotations" name="testCase3" time="0.000"/>
  <system-out/>
</testsuite> <!-- selenium_webdriver.AllAnnotations -->
