<?xml version="1.0" encoding="UTF-8"?>
<!-- Generated by org.testng.reporters.JUnitReportReporter -->
<testsuite skipped="0" hostname="LAPTOP-QNDHI2U3" name="TestNG.OrderDemo" tests="1" failures="0" timestamp="2023-05-31T22:37:40 IST" time="0.025" errors="0">
  <testcase name="composemail" time="0.025" classname="TestNG.OrderDemo"/>
  <system-out/>
</testsuite> <!-- TestNG.OrderDemo -->
