<?xml version="1.0" encoding="UTF-8"?>
<!-- Generated by org.testng.reporters.JUnitReportReporter -->
<testsuite skipped="0" hostname="LAPTOP-QNDHI2U3" name="TestNG.HelloWorldTestNG" tests="4" failures="0" timestamp="2023-05-08T15:31:15 IST" time="0.000" errors="0">
  <testcase name="launch" time="0.000" classname="TestNG.HelloWorldTestNG"/>
  <system-out/>
  <testcase name="logout" time="0.000" classname="TestNG.HelloWorldTestNG"/>
  <system-out/>
  <testcase name="create" time="0.000" classname="TestNG.HelloWorldTestNG"/>
  <system-out/>
  <testcase name="login" time="0.000" classname="TestNG.HelloWorldTestNG"/>
  <system-out/>
</testsuite> <!-- TestNG.HelloWorldTestNG -->
