<?xml version="1.0" encoding="UTF-8"?>
<!-- Generated by org.testng.reporters.JUnitReportReporter -->
<testsuite hostname="LAPTOP-QNDHI2U3" failures="0" tests="1" name="TestCaseForAmazon.Test1" time="26.042" errors="0" timestamp="2023-07-06T13:34:27 IST" skipped="0">
  <testcase classname="TestCaseForAmazon.Test1" name="testCase1" time="26.042"/>
  <system-out/>
</testsuite> <!-- TestCaseForAmazon.Test1 -->
