<?xml version="1.0" encoding="UTF-8"?>
<!-- Generated by org.testng.reporters.JUnitReportReporter -->
<testsuite skipped="0" hostname="LAPTOP-QNDHI2U3" name="selenium_webdriver.OrderDemo" tests="3" failures="0" timestamp="2023-06-19T20:50:08 IST" time="0.000" errors="0">
  <testcase name="Deletemail" time="0.000" classname="selenium_webdriver.OrderDemo"/>
  <system-out/>
  <testcase name="login" time="0.000" classname="selenium_webdriver.OrderDemo"/>
  <system-out/>
  <testcase name="composemail" time="0.000" classname="selenium_webdriver.OrderDemo"/>
  <system-out/>
</testsuite> <!-- selenium_webdriver.OrderDemo -->
