<?xml version="1.0" encoding="UTF-8"?>
<!-- Generated by org.testng.reporters.JUnitReportReporter -->
<testsuite skipped="0" hostname="LAPTOP-QNDHI2U3" name="selenium_webdriver.HelloWorldTestNG" tests="4" failures="0" timestamp="2023-06-19T20:49:35 IST" time="0.000" errors="0">
  <testcase name="login" time="0.000" classname="selenium_webdriver.HelloWorldTestNG"/>
  <system-out/>
  <testcase name="logout" time="0.000" classname="selenium_webdriver.HelloWorldTestNG"/>
  <system-out/>
  <testcase name="create" time="0.000" classname="selenium_webdriver.HelloWorldTestNG"/>
  <system-out/>
  <testcase name="launch" time="0.000" classname="selenium_webdriver.HelloWorldTestNG"/>
  <system-out/>
</testsuite> <!-- selenium_webdriver.HelloWorldTestNG -->
