<?xml version="1.0" encoding="UTF-8"?>
<!-- Generated by org.testng.reporters.JUnitReportReporter -->
<testsuite skipped="0" hostname="LAPTOP-QNDHI2U3" name="selenium_webdriver.ParamWithArray" tests="3" failures="0" timestamp="2023-06-19T20:58:25 IST" time="0.014" errors="0">
  <testcase name="testCase1" time="0.000" classname="selenium_webdriver.ParamWithArray"/>
  <system-out/>
  <testcase name="testCase1" time="0.000" classname="selenium_webdriver.ParamWithArray"/>
  <system-out/>
  <testcase name="testCase1" time="0.014" classname="selenium_webdriver.ParamWithArray"/>
  <system-out/>
</testsuite> <!-- selenium_webdriver.ParamWithArray -->
