<?xml version="1.0" encoding="UTF-8"?>
<!-- Generated by org.testng.reporters.JUnitReportReporter -->
<testsuite skipped="0" hostname="LAPTOP-QNDHI2U3" name="TestNG.HardAssert" tests="1" failures="0" timestamp="2023-06-01T00:04:11 IST" time="0.026" errors="0">
  <testcase name="testCase1" time="0.026" classname="TestNG.HardAssert"/>
  <system-out/>
</testsuite> <!-- TestNG.HardAssert -->
