<?xml version="1.0" encoding="UTF-8"?>
<!-- Generated by org.testng.reporters.JUnitReportReporter -->
<testsuite skipped="0" hostname="LAPTOP-QNDHI2U3" name="TestNG.ParamWithArray" tests="3" failures="0" timestamp="2023-05-08T15:31:15 IST" time="0.006" errors="0">
  <testcase name="testCase1" time="0.000" classname="TestNG.ParamWithArray"/>
  <system-out/>
  <testcase name="testCase1" time="0.006" classname="TestNG.ParamWithArray"/>
  <system-out/>
  <testcase name="testCase1" time="0.000" classname="TestNG.ParamWithArray"/>
  <system-out/>
</testsuite> <!-- TestNG.ParamWithArray -->
